<?xml version="1.0" encoding="UTF-8"?>
<testng-results skipped="0" failed="0" total="1" passed="1">
  <reporter-output>
  </reporter-output>
  <suite name="Default suite" duration-ms="11983" started-at="2016-09-18T05:34:09Z" finished-at="2016-09-18T05:34:21Z">
    <groups>
    </groups>
    <test name="Default test" duration-ms="11983" started-at="2016-09-18T05:34:09Z" finished-at="2016-09-18T05:34:21Z">
      <class name="com.pack.tests.HomePageTests">
        <test-method status="PASS" signature="setUp()[pri:0, instance:com.pack.tests.HomePageTests@6d4b1c02]" name="setUp" is-config="true" duration-ms="8142" started-at="2016-09-18T11:04:09Z" finished-at="2016-09-18T11:04:17Z">
          <reporter-output>
          </reporter-output>
        </test-method> <!-- setUp -->
        <test-method status="PASS" signature="verifyLogin()[pri:0, instance:com.pack.tests.HomePageTests@6d4b1c02]" name="verifyLogin" duration-ms="2357" started-at="2016-09-18T11:04:17Z" finished-at="2016-09-18T11:04:19Z">
          <reporter-output>
          </reporter-output>
        </test-method> <!-- verifyLogin -->
        <test-method status="PASS" signature="kill()[pri:0, instance:com.pack.tests.HomePageTests@6d4b1c02]" name="kill" is-config="true" duration-ms="1464" started-at="2016-09-18T11:04:19Z" finished-at="2016-09-18T11:04:21Z">
          <reporter-output>
          </reporter-output>
        </test-method> <!-- kill -->
      </class> <!-- com.pack.tests.HomePageTests -->
    </test> <!-- Default test -->
  </suite> <!-- Default suite -->
</testng-results>
